<?xml version="1.0" encoding="UTF-8"?>
<!-- Generated by org.testng.reporters.JUnitXMLReporter -->
<testsuite ignored="0" hostname="Deepaks-MacBook-Air.local" failures="2" tests="9" name="Demo Project Sopra Test" time="148.633" errors="0" timestamp="2022-11-17T15:12:16 IST">
  <testcase classname="com.demoproject.testCases.SportsHomePageTest" name="sportsHomePageTitleTest" time="0.012">
    <failure type="java.lang.NullPointerException">
      <![CDATA[java.lang.NullPointerException
at com.demoproject.testCases.SportsHomePageTest.sportsHomePageTitleTest(SportsHomePageTest.java:28)
at java.base/java.util.ArrayList.forEach(ArrayList.java:1540)
... Removed 27 stack frames]]>
    </failure>
  </testcase> <!-- sportsHomePageTitleTest -->
  <testcase classname="com.demoproject.testCases.SportsHomePageTest" name="verifyFootballMenuTest" time="0.002">
    <failure type="java.lang.NullPointerException">
      <![CDATA[java.lang.NullPointerException
at com.demoproject.testCases.SportsHomePageTest.verifyFootballMenuTest(SportsHomePageTest.java:35)
at java.base/java.util.ArrayList.forEach(ArrayList.java:1540)
... Removed 27 stack frames]]>
    </failure>
  </testcase> <!-- verifyFootballMenuTest -->
  <testcase classname="com.demoproject.testCases.FootballPageTest" name="verifyFootballPageTitleTest" time="0.028"/>
  <testcase classname="com.demoproject.testCases.FootballPageTest" name="verifyLeagueAndCupsMenuLink" time="1.949"/>
  <testcase classname="com.demoproject.testCases.LeagueAndCupsPageTest" name="verifyLeagueAndCupsTitleTest" time="0.019"/>
  <testcase classname="com.demoproject.testCases.LeagueAndCupsPageTest" name="verifyPremierLeagueLinkTest" time="3.122"/>
  <testcase classname="com.demoproject.testCases.PremierLeaguePageTest" name="verifyPremierLeaguePageTitle" time="0.031"/>
  <testcase classname="com.demoproject.testCases.PremierLeaguePageTest" name="verifyUpcomingFixturesList" time="13.739"/>
  <testcase classname="com.demoproject.testCases.PremierLeaguePageTest" name="verifyEasyGames" time="7.252"/>
</testsuite> <!-- Demo Project Sopra Test -->
