<?xml version="1.0" encoding="UTF-8"?>
<!-- Generated by org.testng.reporters.JUnitXMLReporter -->
<testsuite ignored="2" hostname="Deepaks-MacBook-Air.local" failures="0" tests="1" name="Default test" time="28.768" errors="0" timestamp="2022-11-17T14:40:33 IST">
  <testcase classname="com.demoproject.testCases.PremierLeaguePageTest" name="verifyEasyGames" time="8.465"/>
  <testcase classname="com.demoproject.testCases.PremierLeaguePageTest" name="verifyPremierLeaguePageTitle" time="0.0">
    <ignored/>
  </testcase> <!-- verifyPremierLeaguePageTitle -->
  <testcase classname="com.demoproject.testCases.PremierLeaguePageTest" name="verifyUpcomingFixturesList" time="0.0">
    <ignored/>
  </testcase> <!-- verifyUpcomingFixturesList -->
</testsuite> <!-- Default test -->
