<?xml version="1.0" encoding="UTF-8"?>
<testng-results ignored="1" total="3" passed="2" failed="0" skipped="0">
  <reporter-output>
  </reporter-output>
  <suite started-at="2022-11-17T19:44:06 IST" name="Sopra Steria Demo Project Application Test" finished-at="2022-11-17T19:45:12 IST" duration-ms="65673">
    <groups>
    </groups>
    <test started-at="2022-11-17T19:44:06 IST" name="Demo Project Sopra Test" finished-at="2022-11-17T19:45:12 IST" duration-ms="65673">
      <class name="com.demoproject.testCases.PremierLeaguePageTest">
        <test-method is-config="true" signature="setup()[pri:0, instance:com.demoproject.testCases.PremierLeaguePageTest@a530d0a]" started-at="2022-11-17T19:44:06 IST" name="setup" finished-at="2022-11-17T19:44:28 IST" duration-ms="21686" status="PASS">
          <reporter-output>
          </reporter-output>
        </test-method> <!-- setup -->
        <test-method signature="verifyUpcomingFixturesList()[pri:1, instance:com.demoproject.testCases.PremierLeaguePageTest@a530d0a]" started-at="2022-11-17T19:44:28 IST" name="verifyUpcomingFixturesList" finished-at="2022-11-17T19:44:43 IST" duration-ms="15199" status="PASS">
          <reporter-output>
          </reporter-output>
        </test-method> <!-- verifyUpcomingFixturesList -->
        <test-method is-config="true" signature="tearDown()[pri:0, instance:com.demoproject.testCases.PremierLeaguePageTest@a530d0a]" started-at="2022-11-17T19:44:43 IST" name="tearDown" finished-at="2022-11-17T19:44:43 IST" duration-ms="472" status="PASS">
          <reporter-output>
          </reporter-output>
        </test-method> <!-- tearDown -->
        <test-method is-config="true" signature="setup()[pri:0, instance:com.demoproject.testCases.PremierLeaguePageTest@a530d0a]" started-at="2022-11-17T19:44:43 IST" name="setup" finished-at="2022-11-17T19:45:02 IST" duration-ms="18230" status="PASS">
          <reporter-output>
          </reporter-output>
        </test-method> <!-- setup -->
        <test-method signature="verifyEasyGames()[pri:2, instance:com.demoproject.testCases.PremierLeaguePageTest@a530d0a]" started-at="2022-11-17T19:45:02 IST" name="verifyEasyGames" finished-at="2022-11-17T19:45:11 IST" duration-ms="9580" status="PASS">
          <reporter-output>
          </reporter-output>
        </test-method> <!-- verifyEasyGames -->
        <test-method is-config="true" signature="tearDown()[pri:0, instance:com.demoproject.testCases.PremierLeaguePageTest@a530d0a]" started-at="2022-11-17T19:45:11 IST" name="tearDown" finished-at="2022-11-17T19:45:12 IST" duration-ms="425" status="PASS">
          <reporter-output>
          </reporter-output>
        </test-method> <!-- tearDown -->
      </class> <!-- com.demoproject.testCases.PremierLeaguePageTest -->
    </test> <!-- Demo Project Sopra Test -->
  </suite> <!-- Sopra Steria Demo Project Application Test -->
</testng-results>
