<?xml version="1.0" encoding="UTF-8"?>
<testng-results ignored="0" total="9" passed="7" failed="2" skipped="0">
  <reporter-output>
  </reporter-output>
  <suite started-at="2022-11-17T15:09:47 IST" name="Sopra Steria Demo Project Application Test" finished-at="2022-11-17T15:12:16 IST" duration-ms="148633">
    <groups>
    </groups>
    <test started-at="2022-11-17T15:09:47 IST" name="Demo Project Sopra Test" finished-at="2022-11-17T15:12:16 IST" duration-ms="148633">
      <class name="com.demoproject.testCases.LeagueAndCupsPageTest">
        <test-method is-config="true" signature="setup()[pri:0, instance:com.demoproject.testCases.LeagueAndCupsPageTest@48bb62]" started-at="2022-11-17T15:10:35 IST" name="setup" finished-at="2022-11-17T15:10:48 IST" duration-ms="13145" status="PASS">
          <reporter-output>
          </reporter-output>
        </test-method> <!-- setup -->
        <test-method signature="verifyLeagueAndCupsTitleTest()[pri:1, instance:com.demoproject.testCases.LeagueAndCupsPageTest@48bb62]" started-at="2022-11-17T15:10:48 IST" name="verifyLeagueAndCupsTitleTest" finished-at="2022-11-17T15:10:48 IST" duration-ms="19" status="PASS">
          <reporter-output>
          </reporter-output>
        </test-method> <!-- verifyLeagueAndCupsTitleTest -->
        <test-method is-config="true" signature="tearDown()[pri:0, instance:com.demoproject.testCases.LeagueAndCupsPageTest@48bb62]" started-at="2022-11-17T15:10:48 IST" name="tearDown" finished-at="2022-11-17T15:10:48 IST" duration-ms="280" status="PASS">
          <reporter-output>
          </reporter-output>
        </test-method> <!-- tearDown -->
        <test-method is-config="true" signature="setup()[pri:0, instance:com.demoproject.testCases.LeagueAndCupsPageTest@48bb62]" started-at="2022-11-17T15:10:48 IST" name="setup" finished-at="2022-11-17T15:11:01 IST" duration-ms="12863" status="PASS">
          <reporter-output>
          </reporter-output>
        </test-method> <!-- setup -->
        <test-method signature="verifyPremierLeagueLinkTest()[pri:2, instance:com.demoproject.testCases.LeagueAndCupsPageTest@48bb62]" started-at="2022-11-17T15:11:01 IST" name="verifyPremierLeagueLinkTest" finished-at="2022-11-17T15:11:04 IST" duration-ms="3122" status="PASS">
          <reporter-output>
          </reporter-output>
        </test-method> <!-- verifyPremierLeagueLinkTest -->
        <test-method is-config="true" signature="tearDown()[pri:0, instance:com.demoproject.testCases.LeagueAndCupsPageTest@48bb62]" started-at="2022-11-17T15:11:04 IST" name="tearDown" finished-at="2022-11-17T15:11:04 IST" duration-ms="317" status="PASS">
          <reporter-output>
          </reporter-output>
        </test-method> <!-- tearDown -->
      </class> <!-- com.demoproject.testCases.LeagueAndCupsPageTest -->
      <class name="com.demoproject.testCases.FootballPageTest">
        <test-method is-config="true" signature="setUp()[pri:0, instance:com.demoproject.testCases.FootballPageTest@5032714f]" started-at="2022-11-17T15:10:10 IST" name="setUp" finished-at="2022-11-17T15:10:21 IST" duration-ms="11308" status="PASS">
          <reporter-output>
          </reporter-output>
        </test-method> <!-- setUp -->
        <test-method signature="verifyFootballPageTitleTest()[pri:1, instance:com.demoproject.testCases.FootballPageTest@5032714f]" started-at="2022-11-17T15:10:21 IST" name="verifyFootballPageTitleTest" finished-at="2022-11-17T15:10:21 IST" duration-ms="28" status="PASS">
          <reporter-output>
          </reporter-output>
        </test-method> <!-- verifyFootballPageTitleTest -->
        <test-method is-config="true" signature="tearDown()[pri:0, instance:com.demoproject.testCases.FootballPageTest@5032714f]" started-at="2022-11-17T15:10:21 IST" name="tearDown" finished-at="2022-11-17T15:10:21 IST" duration-ms="288" status="PASS">
          <reporter-output>
          </reporter-output>
        </test-method> <!-- tearDown -->
        <test-method is-config="true" signature="setUp()[pri:0, instance:com.demoproject.testCases.FootballPageTest@5032714f]" started-at="2022-11-17T15:10:21 IST" name="setUp" finished-at="2022-11-17T15:10:32 IST" duration-ms="11010" status="PASS">
          <reporter-output>
          </reporter-output>
        </test-method> <!-- setUp -->
        <test-method signature="verifyLeagueAndCupsMenuLink()[pri:2, instance:com.demoproject.testCases.FootballPageTest@5032714f]" started-at="2022-11-17T15:10:32 IST" name="verifyLeagueAndCupsMenuLink" finished-at="2022-11-17T15:10:34 IST" duration-ms="1949" status="PASS">
          <reporter-output>
          </reporter-output>
        </test-method> <!-- verifyLeagueAndCupsMenuLink -->
        <test-method is-config="true" signature="tearDown()[pri:0, instance:com.demoproject.testCases.FootballPageTest@5032714f]" started-at="2022-11-17T15:10:34 IST" name="tearDown" finished-at="2022-11-17T15:10:35 IST" duration-ms="270" status="PASS">
          <reporter-output>
          </reporter-output>
        </test-method> <!-- tearDown -->
      </class> <!-- com.demoproject.testCases.FootballPageTest -->
      <class name="com.demoproject.testCases.SportsHomePageTest">
        <test-method is-config="true" signature="setup()[pri:0, instance:com.demoproject.testCases.SportsHomePageTest@4b741d6d]" started-at="2022-11-17T15:09:47 IST" name="setup" finished-at="2022-11-17T15:10:00 IST" duration-ms="12756" status="PASS">
          <reporter-output>
          </reporter-output>
        </test-method> <!-- setup -->
        <test-method signature="sportsHomePageTitleTest()[pri:1, instance:com.demoproject.testCases.SportsHomePageTest@4b741d6d]" started-at="2022-11-17T15:10:00 IST" name="sportsHomePageTitleTest" finished-at="2022-11-17T15:10:00 IST" duration-ms="12" status="FAIL">
          <exception class="java.lang.NullPointerException">
            <full-stacktrace>
              <![CDATA[java.lang.NullPointerException
at com.demoproject.testCases.SportsHomePageTest.sportsHomePageTitleTest(SportsHomePageTest.java:28)
at java.base/jdk.internal.reflect.NativeMethodAccessorImpl.invoke0(Native Method)
at java.base/jdk.internal.reflect.NativeMethodAccessorImpl.invoke(NativeMethodAccessorImpl.java:62)
at java.base/jdk.internal.reflect.DelegatingMethodAccessorImpl.invoke(DelegatingMethodAccessorImpl.java:43)
at java.base/java.lang.reflect.Method.invoke(Method.java:566)
at org.testng.internal.invokers.MethodInvocationHelper.invokeMethod(MethodInvocationHelper.java:139)
at org.testng.internal.invokers.TestInvoker.invokeMethod(TestInvoker.java:677)
at org.testng.internal.invokers.TestInvoker.invokeTestMethod(TestInvoker.java:221)
at org.testng.internal.invokers.MethodRunner.runInSequence(MethodRunner.java:50)
at org.testng.internal.invokers.TestInvoker$MethodInvocationAgent.invoke(TestInvoker.java:962)
at org.testng.internal.invokers.TestInvoker.invokeTestMethods(TestInvoker.java:194)
at org.testng.internal.invokers.TestMethodWorker.invokeTestMethods(TestMethodWorker.java:148)
at org.testng.internal.invokers.TestMethodWorker.run(TestMethodWorker.java:128)
at java.base/java.util.ArrayList.forEach(ArrayList.java:1540)
at org.testng.TestRunner.privateRun(TestRunner.java:806)
at org.testng.TestRunner.run(TestRunner.java:601)
at org.testng.SuiteRunner.runTest(SuiteRunner.java:433)
at org.testng.SuiteRunner.runSequentially(SuiteRunner.java:427)
at org.testng.SuiteRunner.privateRun(SuiteRunner.java:387)
at org.testng.SuiteRunner.run(SuiteRunner.java:330)
at org.testng.SuiteRunnerWorker.runSuite(SuiteRunnerWorker.java:52)
at org.testng.SuiteRunnerWorker.run(SuiteRunnerWorker.java:95)
at org.testng.TestNG.runSuitesSequentially(TestNG.java:1256)
at org.testng.TestNG.runSuitesLocally(TestNG.java:1176)
at org.testng.TestNG.runSuites(TestNG.java:1099)
at org.testng.TestNG.run(TestNG.java:1067)
at org.testng.remote.AbstractRemoteTestNG.run(AbstractRemoteTestNG.java:115)
at org.testng.remote.RemoteTestNG.initAndRun(RemoteTestNG.java:251)
at org.testng.remote.RemoteTestNG.main(RemoteTestNG.java:77)
]]>
            </full-stacktrace>
          </exception> <!-- java.lang.NullPointerException -->
          <reporter-output>
          </reporter-output>
        </test-method> <!-- sportsHomePageTitleTest -->
        <test-method is-config="true" signature="tearDown()[pri:0, instance:com.demoproject.testCases.SportsHomePageTest@4b741d6d]" started-at="2022-11-17T15:10:00 IST" name="tearDown" finished-at="2022-11-17T15:10:01 IST" duration-ms="326" status="PASS">
          <reporter-output>
          </reporter-output>
        </test-method> <!-- tearDown -->
        <test-method is-config="true" signature="setup()[pri:0, instance:com.demoproject.testCases.SportsHomePageTest@4b741d6d]" started-at="2022-11-17T15:10:01 IST" name="setup" finished-at="2022-11-17T15:10:10 IST" duration-ms="8968" status="PASS">
          <reporter-output>
          </reporter-output>
        </test-method> <!-- setup -->
        <test-method signature="verifyFootballMenuTest()[pri:2, instance:com.demoproject.testCases.SportsHomePageTest@4b741d6d]" started-at="2022-11-17T15:10:10 IST" name="verifyFootballMenuTest" finished-at="2022-11-17T15:10:10 IST" duration-ms="2" status="FAIL">
          <exception class="java.lang.NullPointerException">
            <full-stacktrace>
              <![CDATA[java.lang.NullPointerException
at com.demoproject.testCases.SportsHomePageTest.verifyFootballMenuTest(SportsHomePageTest.java:35)
at java.base/jdk.internal.reflect.NativeMethodAccessorImpl.invoke0(Native Method)
at java.base/jdk.internal.reflect.NativeMethodAccessorImpl.invoke(NativeMethodAccessorImpl.java:62)
at java.base/jdk.internal.reflect.DelegatingMethodAccessorImpl.invoke(DelegatingMethodAccessorImpl.java:43)
at java.base/java.lang.reflect.Method.invoke(Method.java:566)
at org.testng.internal.invokers.MethodInvocationHelper.invokeMethod(MethodInvocationHelper.java:139)
at org.testng.internal.invokers.TestInvoker.invokeMethod(TestInvoker.java:677)
at org.testng.internal.invokers.TestInvoker.invokeTestMethod(TestInvoker.java:221)
at org.testng.internal.invokers.MethodRunner.runInSequence(MethodRunner.java:50)
at org.testng.internal.invokers.TestInvoker$MethodInvocationAgent.invoke(TestInvoker.java:962)
at org.testng.internal.invokers.TestInvoker.invokeTestMethods(TestInvoker.java:194)
at org.testng.internal.invokers.TestMethodWorker.invokeTestMethods(TestMethodWorker.java:148)
at org.testng.internal.invokers.TestMethodWorker.run(TestMethodWorker.java:128)
at java.base/java.util.ArrayList.forEach(ArrayList.java:1540)
at org.testng.TestRunner.privateRun(TestRunner.java:806)
at org.testng.TestRunner.run(TestRunner.java:601)
at org.testng.SuiteRunner.runTest(SuiteRunner.java:433)
at org.testng.SuiteRunner.runSequentially(SuiteRunner.java:427)
at org.testng.SuiteRunner.privateRun(SuiteRunner.java:387)
at org.testng.SuiteRunner.run(SuiteRunner.java:330)
at org.testng.SuiteRunnerWorker.runSuite(SuiteRunnerWorker.java:52)
at org.testng.SuiteRunnerWorker.run(SuiteRunnerWorker.java:95)
at org.testng.TestNG.runSuitesSequentially(TestNG.java:1256)
at org.testng.TestNG.runSuitesLocally(TestNG.java:1176)
at org.testng.TestNG.runSuites(TestNG.java:1099)
at org.testng.TestNG.run(TestNG.java:1067)
at org.testng.remote.AbstractRemoteTestNG.run(AbstractRemoteTestNG.java:115)
at org.testng.remote.RemoteTestNG.initAndRun(RemoteTestNG.java:251)
at org.testng.remote.RemoteTestNG.main(RemoteTestNG.java:77)
]]>
            </full-stacktrace>
          </exception> <!-- java.lang.NullPointerException -->
          <reporter-output>
          </reporter-output>
        </test-method> <!-- verifyFootballMenuTest -->
        <test-method is-config="true" signature="tearDown()[pri:0, instance:com.demoproject.testCases.SportsHomePageTest@4b741d6d]" started-at="2022-11-17T15:10:10 IST" name="tearDown" finished-at="2022-11-17T15:10:10 IST" duration-ms="300" status="PASS">
          <reporter-output>
          </reporter-output>
        </test-method> <!-- tearDown -->
      </class> <!-- com.demoproject.testCases.SportsHomePageTest -->
      <class name="com.demoproject.testCases.PremierLeaguePageTest">
        <test-method is-config="true" signature="setup()[pri:0, instance:com.demoproject.testCases.PremierLeaguePageTest@353352b6]" started-at="2022-11-17T15:11:04 IST" name="setup" finished-at="2022-11-17T15:11:21 IST" duration-ms="16180" status="PASS">
          <reporter-output>
          </reporter-output>
        </test-method> <!-- setup -->
        <test-method signature="verifyPremierLeaguePageTitle()[pri:1, instance:com.demoproject.testCases.PremierLeaguePageTest@353352b6]" started-at="2022-11-17T15:11:21 IST" name="verifyPremierLeaguePageTitle" finished-at="2022-11-17T15:11:21 IST" duration-ms="31" status="PASS">
          <reporter-output>
          </reporter-output>
        </test-method> <!-- verifyPremierLeaguePageTitle -->
        <test-method is-config="true" signature="tearDown()[pri:0, instance:com.demoproject.testCases.PremierLeaguePageTest@353352b6]" started-at="2022-11-17T15:11:21 IST" name="tearDown" finished-at="2022-11-17T15:11:21 IST" duration-ms="330" status="PASS">
          <reporter-output>
          </reporter-output>
        </test-method> <!-- tearDown -->
        <test-method is-config="true" signature="setup()[pri:0, instance:com.demoproject.testCases.PremierLeaguePageTest@353352b6]" started-at="2022-11-17T15:11:21 IST" name="setup" finished-at="2022-11-17T15:11:36 IST" duration-ms="15129" status="PASS">
          <reporter-output>
          </reporter-output>
        </test-method> <!-- setup -->
        <test-method signature="verifyUpcomingFixturesList()[pri:2, instance:com.demoproject.testCases.PremierLeaguePageTest@353352b6]" started-at="2022-11-17T15:11:36 IST" name="verifyUpcomingFixturesList" finished-at="2022-11-17T15:11:50 IST" duration-ms="13739" status="PASS">
          <reporter-output>
          </reporter-output>
        </test-method> <!-- verifyUpcomingFixturesList -->
        <test-method is-config="true" signature="tearDown()[pri:0, instance:com.demoproject.testCases.PremierLeaguePageTest@353352b6]" started-at="2022-11-17T15:11:50 IST" name="tearDown" finished-at="2022-11-17T15:11:50 IST" duration-ms="355" status="PASS">
          <reporter-output>
          </reporter-output>
        </test-method> <!-- tearDown -->
        <test-method is-config="true" signature="setup()[pri:0, instance:com.demoproject.testCases.PremierLeaguePageTest@353352b6]" started-at="2022-11-17T15:11:50 IST" name="setup" finished-at="2022-11-17T15:12:08 IST" duration-ms="18174" status="PASS">
          <reporter-output>
          </reporter-output>
        </test-method> <!-- setup -->
        <test-method signature="verifyEasyGames()[pri:3, instance:com.demoproject.testCases.PremierLeaguePageTest@353352b6]" started-at="2022-11-17T15:12:08 IST" name="verifyEasyGames" finished-at="2022-11-17T15:12:16 IST" duration-ms="7252" status="PASS">
          <reporter-output>
          </reporter-output>
        </test-method> <!-- verifyEasyGames -->
        <test-method is-config="true" signature="tearDown()[pri:0, instance:com.demoproject.testCases.PremierLeaguePageTest@353352b6]" started-at="2022-11-17T15:12:16 IST" name="tearDown" finished-at="2022-11-17T15:12:16 IST" duration-ms="329" status="PASS">
          <reporter-output>
          </reporter-output>
        </test-method> <!-- tearDown -->
      </class> <!-- com.demoproject.testCases.PremierLeaguePageTest -->
    </test> <!-- Demo Project Sopra Test -->
  </suite> <!-- Sopra Steria Demo Project Application Test -->
</testng-results>
