<?xml version="1.0" encoding="UTF-8"?>
<!-- Generated by org.testng.reporters.JUnitXMLReporter -->
<testsuite ignored="1" hostname="Deepaks-MacBook-Air.local" failures="0" tests="2" name="Demo Project Sopra Test" time="65.673" errors="0" timestamp="2022-11-17T19:45:12 IST">
  <testcase classname="com.demoproject.testCases.PremierLeaguePageTest" name="verifyUpcomingFixturesList" time="15.199"/>
  <testcase classname="com.demoproject.testCases.PremierLeaguePageTest" name="verifyEasyGames" time="9.58"/>
  <testcase classname="com.demoproject.testCases.PremierLeaguePageTest" name="verifyPremierLeaguePageTitle" time="0.0">
    <ignored/>
  </testcase> <!-- verifyPremierLeaguePageTitle -->
</testsuite> <!-- Demo Project Sopra Test -->
